TN:
SF:src\App.tsx
FN:1,(empty-report)
FNF:1
FNH:0
FNDA:0,(empty-report)
DA:1,0
DA:2,0
DA:4,0
DA:5,0
DA:7,0
DA:8,0
DA:9,0
DA:10,0
DA:16,0
DA:17,0
DA:18,0
DA:19,0
DA:20,0
DA:21,0
DA:22,0
DA:30,0
DA:32,0
DA:33,0
DA:34,0
DA:35,0
DA:36,0
DA:37,0
DA:38,0
DA:47,0
DA:48,0
DA:49,0
DA:51,0
DA:52,0
DA:53,0
DA:55,0
DA:56,0
DA:58,0
DA:59,0
DA:60,0
DA:61,0
DA:63,0
DA:64,0
DA:65,0
DA:66,0
DA:68,0
DA:69,0
DA:70,0
DA:71,0
DA:72,0
DA:74,0
DA:76,0
DA:78,0
DA:79,0
DA:80,0
DA:81,0
DA:82,0
DA:83,0
DA:84,0
DA:85,0
DA:87,0
DA:88,0
DA:89,0
DA:90,0
DA:92,0
DA:93,0
DA:94,0
DA:96,0
DA:97,0
DA:98,0
DA:99,0
DA:100,0
DA:101,0
DA:103,0
DA:104,0
DA:105,0
DA:106,0
DA:107,0
DA:109,0
DA:110,0
DA:111,0
DA:112,0
DA:113,0
DA:114,0
DA:115,0
DA:116,0
DA:117,0
DA:118,0
DA:119,0
DA:120,0
DA:121,0
DA:123,0
DA:125,0
DA:126,0
DA:127,0
DA:128,0
DA:129,0
DA:130,0
DA:131,0
DA:132,0
DA:133,0
DA:134,0
DA:135,0
DA:138,0
DA:139,0
DA:140,0
DA:141,0
DA:142,0
DA:143,0
DA:144,0
DA:145,0
DA:146,0
DA:147,0
DA:148,0
DA:149,0
DA:151,0
DA:152,0
DA:153,0
DA:154,0
DA:155,0
DA:156,0
DA:157,0
DA:158,0
DA:159,0
DA:160,0
DA:161,0
DA:162,0
DA:163,0
DA:164,0
DA:165,0
DA:166,0
DA:167,0
DA:168,0
DA:169,0
DA:170,0
DA:171,0
DA:172,0
DA:173,0
DA:174,0
DA:175,0
DA:176,0
DA:177,0
DA:178,0
DA:179,0
DA:180,0
DA:181,0
DA:182,0
DA:184,0
DA:186,0
DA:187,0
DA:188,0
DA:189,0
DA:190,0
DA:192,0
DA:194,0
LF:149
LH:0
BRDA:1,0,0,0
BRF:1
BRH:0
end_of_record
TN:
SF:src\main.tsx
FN:1,(empty-report)
FNF:1
FNH:0
FNDA:0,(empty-report)
DA:1,0
DA:2,0
DA:3,0
DA:4,0
DA:5,0
DA:7,0
DA:9,0
DA:10,0
DA:11,0
DA:17,0
DA:18,0
DA:19,0
DA:20,0
DA:21,0
DA:22,0
DA:23,0
DA:24,0
DA:25,0
LF:18
LH:0
BRDA:1,0,0,0
BRF:1
BRH:0
end_of_record
TN:
SF:src\components\map\MapView.tsx
FN:1,(empty-report)
FNF:1
FNH:0
FNDA:0,(empty-report)
DA:1,0
DA:3,0
DA:10,0
DA:11,0
DA:12,0
DA:19,0
DA:24,0
DA:35,0
DA:36,0
DA:37,0
DA:38,0
DA:69,0
DA:70,0
DA:71,0
DA:72,0
DA:73,0
DA:74,0
DA:75,0
DA:76,0
DA:77,0
DA:78,0
DA:79,0
DA:80,0
DA:81,0
DA:82,0
DA:84,0
DA:85,0
DA:86,0
DA:87,0
DA:88,0
DA:89,0
DA:90,0
DA:92,0
DA:93,0
DA:94,0
DA:95,0
DA:102,0
DA:103,0
DA:104,0
DA:105,0
DA:106,0
DA:107,0
DA:108,0
DA:109,0
DA:110,0
DA:111,0
DA:112,0
DA:113,0
DA:114,0
DA:115,0
DA:117,0
DA:118,0
DA:125,0
DA:126,0
DA:127,0
DA:128,0
DA:129,0
DA:130,0
DA:131,0
DA:132,0
DA:139,0
DA:140,0
DA:141,0
DA:142,0
DA:143,0
DA:144,0
DA:145,0
DA:146,0
DA:147,0
DA:148,0
DA:149,0
DA:151,0
DA:152,0
DA:153,0
DA:154,0
DA:155,0
DA:156,0
DA:157,0
DA:158,0
DA:159,0
DA:161,0
DA:162,0
DA:163,0
DA:164,0
DA:165,0
DA:166,0
DA:167,0
DA:168,0
DA:170,0
DA:171,0
DA:172,0
DA:173,0
DA:174,0
DA:175,0
DA:176,0
DA:177,0
DA:178,0
DA:179,0
DA:180,0
DA:181,0
DA:182,0
DA:183,0
DA:184,0
DA:185,0
DA:186,0
DA:187,0
DA:188,0
DA:189,0
DA:190,0
DA:191,0
DA:193,0
DA:194,0
DA:195,0
DA:196,0
DA:197,0
DA:198,0
DA:199,0
DA:200,0
DA:201,0
DA:202,0
DA:204,0
DA:205,0
DA:206,0
DA:207,0
DA:208,0
DA:209,0
DA:210,0
DA:211,0
DA:212,0
DA:213,0
DA:214,0
DA:215,0
DA:216,0
DA:218,0
DA:219,0
DA:220,0
DA:221,0
DA:222,0
DA:223,0
DA:224,0
DA:225,0
DA:226,0
DA:227,0
DA:228,0
DA:229,0
DA:230,0
DA:231,0
DA:232,0
DA:233,0
DA:234,0
DA:235,0
DA:236,0
DA:237,0
DA:238,0
DA:239,0
DA:240,0
DA:242,0
DA:243,0
DA:244,0
DA:245,0
DA:246,0
DA:247,0
DA:248,0
DA:249,0
DA:250,0
DA:251,0
DA:252,0
DA:253,0
DA:254,0
DA:255,0
DA:257,0
LF:171
LH:0
BRDA:1,0,0,0
BRF:1
BRH:0
end_of_record
TN:
SF:src\components\map\Title.tsx
FN:1,(empty-report)
FNF:1
FNH:0
FNDA:0,(empty-report)
DA:1,0
DA:14,0
DA:15,0
DA:17,0
DA:18,0
DA:20,0
DA:21,0
DA:22,0
DA:23,0
DA:25,0
LF:10
LH:0
BRDA:1,0,0,0
BRF:1
BRH:0
end_of_record
TN:
SF:src\components\map\mapData.ts
FN:1,(empty-report)
FNF:1
FNH:1
FNDA:1,(empty-report)
DA:7,0
DA:13,0
DA:22,0
DA:23,0
DA:24,0
DA:25,0
DA:26,0
DA:27,0
DA:28,0
DA:29,0
DA:30,0
DA:31,0
DA:32,0
DA:33,0
DA:34,0
DA:35,0
DA:36,0
DA:37,0
DA:38,0
DA:39,0
DA:40,0
DA:41,0
DA:42,0
DA:43,0
DA:44,0
DA:45,0
DA:46,0
DA:47,0
DA:48,0
DA:49,0
DA:50,0
DA:51,0
DA:52,0
DA:53,0
DA:54,0
DA:55,0
DA:56,0
DA:57,0
DA:58,0
DA:59,0
DA:60,0
DA:61,0
DA:62,0
DA:63,0
DA:64,0
DA:65,0
DA:66,0
DA:67,0
DA:68,0
DA:69,0
DA:70,0
DA:71,0
DA:72,0
DA:73,0
DA:74,0
DA:75,0
DA:76,0
DA:77,0
DA:78,0
DA:79,0
DA:80,0
DA:81,0
DA:82,0
DA:83,0
DA:84,0
DA:85,0
DA:86,0
DA:87,0
DA:88,0
DA:89,0
DA:90,0
DA:91,0
DA:92,0
DA:93,0
DA:94,0
DA:95,0
DA:96,0
DA:97,0
DA:98,0
DA:99,0
DA:100,0
DA:101,0
DA:102,0
DA:103,0
DA:104,0
DA:105,0
DA:106,0
DA:107,0
DA:108,0
DA:109,0
DA:110,0
DA:111,0
DA:112,0
DA:113,0
DA:114,0
DA:115,0
DA:116,0
DA:117,0
DA:118,0
DA:119,0
DA:120,0
DA:121,0
DA:122,0
DA:123,0
DA:124,0
DA:125,0
DA:126,0
DA:127,0
DA:128,0
DA:129,0
DA:130,0
DA:131,0
DA:132,0
DA:133,0
DA:134,0
DA:135,0
DA:143,0
DA:144,0
DA:145,0
DA:146,0
LF:120
LH:0
BRDA:1,0,0,1
BRF:1
BRH:1
end_of_record
TN:
SF:src\components\typing\ResultsDialog.tsx
FN:1,(empty-report)
FNF:1
FNH:0
FNDA:0,(empty-report)
DA:1,0
DA:10,0
DA:34,0
DA:35,0
DA:36,0
DA:37,0
DA:38,0
DA:39,0
DA:40,0
DA:41,0
DA:42,0
DA:43,0
DA:44,0
DA:45,0
DA:46,0
DA:47,0
DA:48,0
DA:49,0
DA:50,0
DA:51,0
DA:52,0
DA:53,0
DA:54,0
DA:56,0
DA:57,0
DA:58,0
DA:59,0
DA:60,0
DA:61,0
DA:62,0
DA:63,0
DA:64,0
DA:65,0
DA:67,0
DA:68,0
DA:69,0
DA:70,0
DA:71,0
DA:72,0
DA:73,0
DA:74,0
DA:75,0
DA:76,0
DA:77,0
DA:78,0
DA:79,0
DA:80,0
DA:81,0
DA:84,0
DA:85,0
DA:86,0
DA:87,0
DA:88,0
DA:89,0
DA:90,0
DA:91,0
DA:92,0
DA:93,0
DA:94,0
DA:96,0
DA:98,0
DA:99,0
DA:100,0
DA:101,0
DA:102,0
DA:103,0
DA:104,0
DA:105,0
DA:107,0
DA:108,0
DA:109,0
DA:110,0
DA:111,0
DA:112,0
DA:113,0
DA:114,0
DA:116,0
DA:117,0
DA:118,0
DA:119,0
DA:120,0
DA:121,0
DA:122,0
DA:124,0
LF:84
LH:0
BRDA:1,0,0,0
BRF:1
BRH:0
end_of_record
TN:
SF:src\components\typing\SettingsDrawer.tsx
FN:1,(empty-report)
FNF:1
FNH:0
FNDA:0,(empty-report)
DA:1,0
DA:12,0
DA:34,0
DA:35,0
DA:36,0
DA:37,0
DA:38,0
DA:39,0
DA:40,0
DA:41,0
DA:42,0
DA:43,0
DA:44,0
DA:45,0
DA:46,0
DA:47,0
DA:48,0
DA:49,0
DA:50,0
DA:51,0
DA:52,0
DA:53,0
DA:54,0
DA:56,0
DA:57,0
DA:58,0
DA:59,0
DA:60,0
DA:61,0
DA:62,0
DA:63,0
DA:64,0
DA:65,0
DA:66,0
DA:67,0
DA:68,0
DA:69,0
DA:70,0
DA:71,0
DA:72,0
DA:74,0
DA:75,0
DA:76,0
DA:77,0
DA:78,0
DA:79,0
DA:80,0
DA:81,0
DA:82,0
DA:83,0
DA:84,0
DA:85,0
DA:86,0
DA:87,0
DA:89,0
DA:90,0
DA:92,0
DA:93,0
DA:94,0
DA:95,0
DA:96,0
DA:98,0
DA:99,0
DA:100,0
DA:101,0
DA:102,0
DA:103,0
DA:104,0
DA:105,0
DA:106,0
DA:107,0
DA:108,0
DA:109,0
DA:110,0
DA:111,0
DA:114,0
DA:115,0
DA:117,0
DA:118,0
DA:119,0
DA:120,0
DA:121,0
DA:122,0
DA:124,0
DA:125,0
DA:126,0
DA:127,0
DA:128,0
DA:130,0
DA:131,0
DA:133,0
DA:134,0
DA:135,0
DA:136,0
DA:137,0
DA:138,0
DA:140,0
DA:141,0
DA:142,0
DA:144,0
DA:145,0
DA:146,0
DA:147,0
DA:148,0
DA:150,0
DA:151,0
DA:153,0
DA:154,0
DA:155,0
DA:156,0
DA:157,0
DA:158,0
DA:160,0
LF:113
LH:0
BRDA:1,0,0,0
BRF:1
BRH:0
end_of_record
TN:
SF:src\components\typing\AnswerArea\AnswerInputView.tsx
FN:1,(empty-report)
FNF:1
FNH:1
FNDA:1,(empty-report)
DA:3,0
DA:17,0
DA:18,0
DA:19,0
DA:20,0
DA:21,0
DA:22,0
DA:23,0
DA:24,0
DA:26,0
DA:27,0
DA:28,0
DA:29,0
DA:30,0
DA:31,0
DA:32,0
DA:34,0
DA:35,0
DA:36,0
DA:37,0
DA:39,0
DA:40,0
DA:41,0
DA:42,0
DA:43,0
DA:44,0
DA:46,0
DA:47,0
DA:48,0
DA:49,0
DA:50,0
DA:51,0
DA:53,0
DA:55,0
DA:56,0
DA:57,0
DA:58,0
DA:59,0
DA:60,0
DA:61,0
DA:63,0
DA:65,0
DA:66,0
DA:67,0
DA:68,0
DA:69,0
DA:71,0
DA:72,0
DA:73,0
DA:74,0
DA:75,0
DA:77,0
DA:78,0
DA:80,0
DA:81,0
DA:83,0
DA:85,0
DA:87,0
LF:58
LH:0
BRDA:1,0,0,1
BRF:1
BRH:1
end_of_record
TN:
SF:src\components\typing\AnswerArea\InputCapture.tsx
FN:1,(empty-report)
FNF:1
FNH:0
FNDA:0,(empty-report)
DA:1,0
DA:17,0
DA:18,0
DA:19,0
DA:20,0
DA:21,0
DA:22,0
DA:23,0
DA:24,0
DA:25,0
DA:26,0
DA:28,0
DA:29,0
DA:31,0
DA:32,0
DA:33,0
DA:34,0
DA:35,0
DA:36,0
DA:37,0
DA:38,0
DA:39,0
DA:40,0
DA:41,0
DA:42,0
DA:43,0
DA:44,0
DA:45,0
DA:46,0
DA:47,0
DA:48,0
DA:49,0
DA:50,0
DA:51,0
DA:52,0
DA:53,0
DA:54,0
DA:55,0
DA:56,0
DA:58,0
DA:60,0
DA:61,0
DA:62,0
DA:64,0
DA:65,0
LF:45
LH:0
BRDA:1,0,0,0
BRF:1
BRH:0
end_of_record
TN:
SF:src\components\typing\AnswerArea\index.tsx
FN:1,(empty-report)
FNF:1
FNH:0
FNDA:0,(empty-report)
DA:1,0
DA:2,0
DA:3,0
DA:23,0
DA:24,0
DA:25,0
DA:26,0
DA:27,0
DA:28,0
DA:29,0
DA:30,0
DA:31,0
DA:32,0
DA:33,0
DA:34,0
DA:35,0
DA:36,0
DA:37,0
DA:38,0
DA:39,0
DA:40,0
DA:41,0
DA:42,0
DA:45,0
DA:46,0
DA:48,0
DA:49,0
DA:50,0
DA:51,0
DA:52,0
DA:53,0
DA:54,0
DA:55,0
DA:56,0
DA:57,0
DA:58,0
DA:59,0
DA:60,0
DA:61,0
DA:62,0
DA:63,0
DA:65,0
LF:42
LH:0
BRDA:1,0,0,0
BRF:1
BRH:0
end_of_record
TN:
SF:src\components\typing\BattleArea\DamageMotion.tsx
FN:1,(empty-report)
FNF:1
FNH:0
FNDA:0,(empty-report)
DA:1,0
DA:2,0
DA:3,0
DA:15,0
DA:16,0
DA:17,0
DA:18,0
DA:19,0
DA:20,0
DA:22,0
DA:23,0
DA:24,0
DA:26,0
DA:27,0
DA:28,0
DA:29,0
DA:30,0
DA:32,0
DA:33,0
DA:34,0
DA:35,0
DA:36,0
DA:37,0
DA:38,0
DA:39,0
DA:40,0
DA:41,0
DA:42,0
DA:43,0
DA:44,0
DA:45,0
DA:46,0
DA:47,0
DA:48,0
DA:50,0
DA:51,0
DA:52,0
DA:53,0
DA:54,0
DA:55,0
DA:56,0
DA:57,0
DA:58,0
DA:59,0
DA:60,0
DA:61,0
DA:62,0
DA:63,0
DA:64,0
DA:65,0
DA:66,0
DA:67,0
DA:68,0
DA:69,0
DA:70,0
DA:71,0
DA:72,0
DA:73,0
DA:74,0
DA:75,0
DA:76,0
DA:77,0
DA:79,0
DA:81,0
DA:82,0
DA:83,0
DA:84,0
DA:85,0
DA:86,0
DA:87,0
DA:88,0
DA:89,0
DA:90,0
DA:91,0
DA:92,0
DA:93,0
DA:94,0
DA:95,0
DA:96,0
DA:97,0
DA:98,0
DA:99,0
DA:100,0
DA:102,0
DA:103,0
DA:105,0
LF:86
LH:0
BRDA:1,0,0,0
BRF:1
BRH:0
end_of_record
TN:
SF:src\components\typing\BattleArea\EnemyHpBar.tsx
FN:1,(empty-report)
FNF:1
FNH:0
FNDA:0,(empty-report)
DA:1,0
DA:14,0
DA:15,0
DA:16,0
DA:17,0
DA:19,0
DA:20,0
DA:21,0
DA:22,0
DA:23,0
DA:24,0
DA:25,0
DA:27,0
DA:28,0
DA:29,0
DA:30,0
DA:31,0
DA:32,0
DA:34,0
LF:19
LH:0
BRDA:1,0,0,0
BRF:1
BRH:0
end_of_record
TN:
SF:src\components\typing\BattleArea\EnemyLayer.tsx
FN:1,(empty-report)
FNF:1
FNH:0
FNDA:0,(empty-report)
DA:1,0
DA:2,0
DA:6,0
DA:20,0
DA:21,0
DA:22,0
DA:23,0
DA:24,0
DA:25,0
DA:26,0
DA:27,0
DA:28,0
DA:30,0
DA:31,0
DA:32,0
DA:33,0
DA:34,0
DA:35,0
DA:36,0
DA:37,0
DA:38,0
DA:39,0
DA:40,0
DA:41,0
DA:42,0
DA:43,0
DA:44,0
DA:45,0
DA:46,0
DA:47,0
DA:48,0
DA:49,0
DA:50,0
DA:51,0
DA:52,0
DA:53,0
DA:54,0
DA:55,0
DA:56,0
DA:57,0
DA:58,0
DA:59,0
DA:60,0
DA:61,0
DA:62,0
DA:63,0
DA:64,0
DA:65,0
DA:66,0
DA:67,0
DA:69,0
DA:71,0
LF:52
LH:0
BRDA:1,0,0,0
BRF:1
BRH:0
end_of_record
TN:
SF:src\components\typing\BattleArea\QuestionPanel.tsx
FN:1,(empty-report)
FNF:1
FNH:0
FNDA:0,(empty-report)
DA:1,0
DA:12,0
DA:13,0
DA:14,0
DA:15,0
DA:16,0
DA:17,0
DA:18,0
DA:19,0
DA:20,0
DA:21,0
DA:22,0
DA:24,0
DA:25,0
DA:26,0
DA:27,0
DA:28,0
DA:29,0
DA:30,0
DA:31,0
DA:32,0
DA:33,0
DA:34,0
DA:35,0
DA:37,0
DA:39,0
DA:40,0
DA:41,0
DA:43,0
LF:29
LH:0
BRDA:1,0,0,0
BRF:1
BRH:0
end_of_record
TN:
SF:src\components\typing\BattleArea\index.tsx
FN:1,(empty-report)
FNF:1
FNH:0
FNDA:0,(empty-report)
DA:1,0
DA:2,0
DA:3,0
DA:5,0
DA:6,0
DA:7,0
DA:8,0
DA:11,0
DA:21,0
DA:22,0
DA:23,0
DA:24,0
DA:25,0
DA:26,0
DA:27,0
DA:28,0
DA:29,0
DA:30,0
DA:31,0
DA:32,0
DA:33,0
DA:34,0
DA:35,0
DA:36,0
DA:37,0
DA:38,0
DA:39,0
DA:41,0
DA:42,0
DA:43,0
DA:44,0
DA:45,0
DA:46,0
DA:48,0
DA:49,0
DA:50,0
DA:51,0
DA:52,0
DA:53,0
DA:54,0
DA:55,0
DA:56,0
DA:57,0
DA:58,0
DA:60,0
DA:61,0
DA:62,0
DA:63,0
DA:64,0
DA:65,0
DA:66,0
DA:67,0
DA:68,0
DA:69,0
DA:70,0
DA:71,0
DA:72,0
DA:74,0
DA:75,0
DA:76,0
DA:77,0
DA:78,0
DA:79,0
DA:80,0
DA:81,0
DA:83,0
DA:84,0
DA:85,0
DA:86,0
DA:87,0
DA:88,0
DA:89,0
DA:90,0
DA:91,0
DA:93,0
DA:95,0
DA:96,0
DA:97,0
DA:98,0
DA:99,0
DA:100,0
DA:102,0
DA:103,0
DA:104,0
DA:105,0
DA:106,0
DA:107,0
DA:108,0
DA:109,0
DA:110,0
DA:111,0
DA:112,0
DA:114,0
DA:115,0
DA:117,0
LF:95
LH:0
BRDA:1,0,0,0
BRF:1
BRH:0
end_of_record
TN:
SF:src\components\typing\HeaderArea\HeaderControls.tsx
FN:1,(empty-report)
FNF:1
FNH:0
FNDA:0,(empty-report)
DA:1,0
DA:2,0
DA:18,0
DA:19,0
DA:20,0
DA:21,0
DA:22,0
DA:23,0
DA:24,0
DA:25,0
DA:26,0
DA:27,0
DA:28,0
DA:29,0
DA:31,0
DA:32,0
DA:34,0
DA:35,0
DA:36,0
DA:37,0
DA:38,0
DA:40,0
DA:41,0
DA:42,0
DA:44,0
DA:46,0
LF:26
LH:0
BRDA:1,0,0,0
BRF:1
BRH:0
end_of_record
TN:
SF:src\components\typing\HeaderArea\index.tsx
FN:1,(empty-report)
FNF:1
FNH:0
FNDA:0,(empty-report)
DA:1,0
DA:2,0
DA:3,0
DA:4,0
DA:20,0
DA:21,0
DA:22,0
DA:23,0
DA:24,0
DA:25,0
DA:26,0
DA:27,0
DA:28,0
DA:29,0
DA:31,0
DA:32,0
DA:33,0
DA:34,0
DA:36,0
DA:37,0
DA:38,0
DA:40,0
DA:41,0
DA:42,0
DA:43,0
DA:45,0
DA:47,0
DA:49,0
DA:51,0
DA:53,0
DA:55,0
DA:57,0
DA:58,0
DA:59,0
DA:60,0
DA:61,0
DA:62,0
DA:63,0
DA:64,0
DA:65,0
DA:66,0
DA:67,0
DA:68,0
DA:69,0
DA:70,0
DA:71,0
DA:72,0
DA:73,0
DA:75,0
LF:49
LH:0
BRDA:1,0,0,0
BRF:1
BRH:0
end_of_record
TN:
SF:src\components\typing\PhaseNoticeArea\PhaseNotice.tsx
FN:1,(empty-report)
FNF:1
FNH:0
FNDA:0,(empty-report)
DA:1,0
DA:2,0
DA:14,0
DA:15,0
DA:16,0
DA:17,0
DA:18,0
DA:19,0
DA:21,0
DA:22,0
DA:23,0
DA:24,0
DA:25,0
DA:26,0
DA:27,0
DA:28,0
DA:29,0
DA:30,0
DA:32,0
DA:33,0
DA:35,0
DA:37,0
DA:38,0
DA:39,0
DA:41,0
DA:42,0
DA:44,0
DA:45,0
DA:47,0
LF:29
LH:0
BRDA:1,0,0,0
BRF:1
BRH:0
end_of_record
TN:
SF:src\components\typing\PhaseNoticeArea\PlayerHpBar.tsx
FN:1,(empty-report)
FNF:1
FNH:0
FNDA:0,(empty-report)
DA:1,0
DA:2,0
DA:14,0
DA:15,0
DA:16,0
DA:17,0
DA:18,0
DA:20,0
DA:21,0
DA:22,0
DA:23,0
DA:24,0
DA:26,0
DA:27,0
DA:28,0
DA:29,0
DA:30,0
DA:31,0
DA:32,0
DA:34,0
DA:35,0
DA:36,0
DA:37,0
DA:38,0
DA:39,0
DA:41,0
LF:26
LH:0
BRDA:1,0,0,0
BRF:1
BRH:0
end_of_record
TN:
SF:src\components\ui\ConsentDialog.tsx
FN:1,(empty-report)
FNF:1
FNH:0
FNDA:0,(empty-report)
DA:1,0
DA:15,0
DA:16,0
DA:17,0
DA:18,0
DA:19,0
DA:20,0
DA:25,0
DA:26,0
DA:27,0
DA:28,0
DA:29,0
DA:30,0
DA:31,0
DA:32,0
DA:34,0
DA:35,0
DA:36,0
DA:37,0
DA:38,0
DA:39,0
DA:40,0
DA:41,0
DA:43,0
DA:44,0
DA:45,0
DA:47,0
DA:48,0
DA:50,0
DA:51,0
DA:52,0
DA:53,0
DA:54,0
DA:55,0
DA:57,0
LF:35
LH:0
BRDA:1,0,0,0
BRF:1
BRH:0
end_of_record
TN:
SF:src\components\ui\color-mode.tsx
FN:1,(empty-report)
FNF:1
FNH:1
FNDA:1,(empty-report)
DA:2,0
DA:3,0
DA:4,0
DA:5,0
DA:10,0
DA:20,0
DA:21,0
DA:22,0
DA:24,0
DA:33,0
DA:34,0
DA:35,0
DA:36,0
DA:37,0
DA:48,0
DA:51,0
DA:52,0
DA:53,0
DA:54,0
DA:55,0
DA:56,0
DA:57,0
DA:58,0
DA:59,0
DA:60,0
DA:61,0
DA:63,0
DA:64,0
DA:65,0
DA:67,0
DA:78,0
DA:79,0
DA:80,0
DA:81,0
DA:82,0
DA:83,0
DA:84,0
DA:85,0
DA:86,0
DA:87,0
DA:88,0
DA:89,0
DA:91,0
DA:92,0
DA:103,0
DA:104,0
DA:105,0
DA:106,0
DA:107,0
DA:108,0
DA:109,0
DA:110,0
DA:111,0
DA:112,0
DA:113,0
DA:114,0
DA:116,0
DA:117,0
LF:58
LH:0
BRDA:1,0,0,1
BRF:1
BRH:1
end_of_record
TN:
SF:src\components\ui\provider.tsx
FN:1,(empty-report)
FNF:1
FNH:0
FNDA:0,(empty-report)
DA:1,0
DA:3,0
DA:14,0
DA:15,0
DA:16,0
DA:17,0
DA:18,0
DA:20,0
LF:8
LH:0
BRDA:1,0,0,0
BRF:1
BRH:0
end_of_record
TN:
SF:src\components\ui\toaster.tsx
FN:1,(empty-report)
FNF:1
FNH:0
FNDA:0,(empty-report)
DA:1,0
DA:10,0
DA:11,0
DA:12,0
DA:13,0
DA:23,0
DA:24,0
DA:25,0
DA:26,0
DA:27,0
DA:28,0
DA:29,0
DA:30,0
DA:32,0
DA:34,0
DA:35,0
DA:36,0
DA:37,0
DA:39,0
DA:40,0
DA:41,0
DA:43,0
DA:44,0
DA:46,0
DA:47,0
DA:49,0
LF:26
LH:0
BRDA:1,0,0,0
BRF:1
BRH:0
end_of_record
TN:
SF:src\components\ui\tooltip.tsx
FN:1,(empty-report)
FNF:1
FNH:0
FNDA:0,(empty-report)
DA:1,0
DA:2,0
DA:41,0
DA:42,0
DA:43,0
DA:44,0
DA:45,0
DA:46,0
DA:47,0
DA:48,0
DA:49,0
DA:50,0
DA:51,0
DA:52,0
DA:54,0
DA:56,0
DA:57,0
DA:58,0
DA:59,0
DA:60,0
DA:61,0
DA:62,0
DA:63,0
DA:64,0
DA:65,0
DA:67,0
DA:68,0
DA:69,0
DA:70,0
DA:71,0
DA:73,0
DA:74,0
LF:32
LH:0
BRDA:1,0,0,0
BRF:1
BRH:0
end_of_record
TN:
SF:src\components\ui\use-color-mode.ts
FN:1,(empty-report)
FNF:1
FNH:0
FNDA:0,(empty-report)
DA:1,0
DA:13,0
DA:14,0
DA:15,0
DA:17,0
DA:18,0
DA:19,0
DA:20,0
DA:22,0
DA:23,0
DA:34,0
DA:35,0
DA:36,0
DA:37,0
LF:14
LH:0
BRDA:1,0,0,0
BRF:1
BRH:0
end_of_record
TN:
SF:src\components\visuals\SlideOverlay.tsx
FN:1,(empty-report)
FNF:1
FNH:0
FNDA:0,(empty-report)
DA:1,0
DA:2,0
DA:5,0
DA:18,0
DA:19,0
DA:20,0
DA:21,0
DA:22,0
DA:23,0
DA:24,0
DA:25,0
DA:26,0
DA:28,0
DA:29,0
DA:30,0
DA:31,0
DA:32,0
DA:33,0
DA:34,0
DA:35,0
DA:36,0
DA:37,0
DA:38,0
DA:39,0
DA:41,0
LF:25
LH:0
BRDA:1,0,0,0
BRF:1
BRH:0
end_of_record
TN:
SF:src\components\visuals\TitleOverlay.tsx
FN:1,(empty-report)
FNF:1
FNH:0
FNDA:0,(empty-report)
DA:1,0
DA:2,0
DA:5,0
DA:17,0
DA:18,0
DA:20,0
DA:21,0
DA:22,0
DA:23,0
DA:24,0
DA:25,0
DA:26,0
DA:27,0
DA:28,0
DA:29,0
DA:30,0
DA:31,0
DA:32,0
DA:33,0
DA:34,0
DA:36,0
LF:21
LH:0
BRDA:1,0,0,0
BRF:1
BRH:0
end_of_record
TN:
SF:src\contexts\PageContext.ts
FN:55,usePage
FN:64,useSetPage
FN:74,useSound
FN:83,useSetSound
FN:93,useBattle
FN:102,useSetBattle
FN:112,useSort
FN:121,useSetSort
FN:131,useLevel
FN:140,useSetLevel
FNF:10
FNH:1
FNDA:0,usePage
FNDA:0,useSetPage
FNDA:0,useSound
FNDA:0,useSetSound
FNDA:3,useBattle
FNDA:0,useSetBattle
FNDA:0,useSort
FNDA:0,useSetSort
FNDA:0,useLevel
FNDA:0,useSetLevel
DA:1,1
DA:7,1
DA:12,1
DA:14,1
DA:20,1
DA:25,1
DA:27,1
DA:33,1
DA:38,1
DA:40,1
DA:42,1
DA:43,1
DA:45,1
DA:47,1
DA:48,1
DA:50,1
DA:55,1
DA:56,0
DA:57,0
DA:58,0
DA:59,0
DA:60,0
DA:64,1
DA:65,0
DA:66,0
DA:67,0
DA:68,0
DA:69,0
DA:74,1
DA:75,0
DA:76,0
DA:77,0
DA:78,0
DA:79,0
DA:83,1
DA:84,0
DA:85,0
DA:86,0
DA:87,0
DA:88,0
DA:93,1
DA:94,3
DA:95,3
DA:96,3
DA:97,3
DA:98,3
DA:102,1
DA:103,0
DA:104,0
DA:105,0
DA:106,0
DA:107,0
DA:112,1
DA:113,0
DA:114,0
DA:115,0
DA:116,0
DA:117,0
DA:121,1
DA:122,0
DA:123,0
DA:124,0
DA:125,0
DA:126,0
DA:131,1
DA:132,0
DA:133,0
DA:134,0
DA:135,0
DA:136,0
DA:140,1
DA:141,0
DA:142,0
DA:143,0
DA:144,0
DA:145,0
LF:76
LH:31
BRDA:93,0,0,3
BRDA:96,1,0,0
BRF:2
BRH:1
end_of_record
TN:
SF:src\contexts\PageProvider.tsx
FN:28,PageProvider
FNF:1
FNH:1
FNDA:3,PageProvider
DA:1,1
DA:2,1
DA:3,1
DA:4,1
DA:5,1
DA:28,3
DA:29,3
DA:30,3
DA:32,3
DA:34,3
DA:35,3
DA:36,3
DA:37,3
DA:38,3
DA:39,3
DA:40,3
DA:41,3
DA:42,3
DA:44,3
DA:45,3
DA:46,0
DA:47,0
DA:48,0
DA:49,0
DA:50,0
DA:51,0
DA:52,0
DA:53,0
DA:54,0
DA:55,0
DA:56,0
DA:57,0
DA:58,0
DA:59,3
DA:60,3
DA:62,3
DA:63,3
DA:64,0
DA:65,0
DA:66,0
DA:67,0
DA:68,0
DA:69,0
DA:70,0
DA:71,0
DA:72,0
DA:73,0
DA:74,0
DA:75,0
DA:76,0
DA:77,3
DA:78,3
DA:80,3
DA:81,3
DA:82,0
DA:83,0
DA:84,0
DA:85,0
DA:86,0
DA:87,0
DA:88,0
DA:89,0
DA:90,0
DA:91,0
DA:92,0
DA:93,0
DA:94,0
DA:95,3
DA:96,3
DA:98,3
DA:99,3
DA:100,3
DA:101,3
DA:102,3
DA:103,3
DA:104,3
DA:105,3
DA:106,3
DA:107,3
DA:108,3
DA:109,3
DA:110,3
DA:111,3
DA:112,3
DA:113,3
DA:114,3
DA:115,3
DA:116,3
DA:117,3
DA:118,3
DA:119,3
DA:121,3
LF:92
LH:53
BRDA:28,0,0,3
BRDA:35,1,0,2
BRDA:35,2,0,0
BRDA:39,3,0,2
BRDA:39,4,0,0
BRDA:42,5,0,2
BRDA:42,6,0,0
BRF:7
BRH:4
end_of_record
TN:
SF:src\data\points.ts
FN:1,(empty-report)
FNF:1
FNH:0
FNDA:0,(empty-report)
DA:1,0
DA:2,0
DA:3,0
DA:4,0
DA:5,0
DA:19,0
DA:20,0
DA:21,0
DA:22,0
DA:23,0
DA:24,0
DA:25,0
LF:12
LH:0
BRDA:1,0,0,0
BRF:1
BRH:0
end_of_record
TN:
SF:src\data\texts\qa_month.ts
FN:1,(empty-report)
FNF:1
FNH:1
FNDA:1,(empty-report)
DA:12,0
DA:13,0
DA:14,0
DA:15,0
DA:16,0
DA:17,0
DA:18,0
DA:19,0
DA:20,0
DA:21,0
DA:22,0
DA:23,0
DA:24,0
DA:25,0
DA:27,0
LF:15
LH:0
BRDA:1,0,0,1
BRF:1
BRH:1
end_of_record
TN:
SF:src\data\texts\qa_number.ts
FN:1,(empty-report)
FNF:1
FNH:1
FNDA:1,(empty-report)
DA:11,0
DA:12,0
DA:13,0
DA:14,0
DA:15,0
DA:16,0
DA:17,0
DA:18,0
DA:19,0
DA:20,0
DA:21,0
DA:22,0
DA:24,0
LF:13
LH:0
BRDA:1,0,0,1
BRF:1
BRH:1
end_of_record
TN:
SF:src\data\texts\qa_number11.ts
FN:1,(empty-report)
FNF:1
FNH:1
FNDA:1,(empty-report)
DA:12,0
DA:13,0
DA:14,0
DA:15,0
DA:16,0
DA:17,0
DA:18,0
DA:19,0
DA:20,0
DA:21,0
DA:22,0
DA:23,0
DA:25,0
LF:13
LH:0
BRDA:1,0,0,1
BRF:1
BRH:1
end_of_record
TN:
SF:src\data\texts\qa_step1.ts
FN:1,(empty-report)
FNF:1
FNH:1
FNDA:1,(empty-report)
DA:13,0
DA:14,0
DA:15,0
DA:16,0
DA:17,0
DA:18,0
DA:19,0
DA:20,0
DA:21,0
DA:22,0
DA:23,0
DA:24,0
DA:25,0
DA:26,0
DA:27,0
DA:28,0
DA:29,0
DA:30,0
DA:31,0
DA:32,0
DA:33,0
DA:34,0
DA:35,0
DA:36,0
DA:37,0
DA:38,0
DA:39,0
DA:40,0
DA:42,0
LF:29
LH:0
BRDA:1,0,0,1
BRF:1
BRH:1
end_of_record
TN:
SF:src\data\texts\qa_test.ts
FN:1,(empty-report)
FNF:1
FNH:1
FNDA:1,(empty-report)
DA:13,0
DA:14,0
DA:15,0
DA:16,0
DA:17,0
DA:18,0
DA:19,0
DA:20,0
DA:21,0
DA:22,0
DA:23,0
DA:24,0
DA:25,0
DA:26,0
DA:27,0
DA:28,0
DA:29,0
DA:30,0
DA:31,0
DA:32,0
DA:33,0
DA:34,0
DA:36,0
LF:23
LH:0
BRDA:1,0,0,1
BRF:1
BRH:1
end_of_record
TN:
SF:src\data\texts\qa_week.ts
FN:1,(empty-report)
FNF:1
FNH:1
FNDA:1,(empty-report)
DA:12,0
DA:13,0
DA:14,0
DA:15,0
DA:16,0
DA:17,0
DA:18,0
DA:19,0
DA:20,0
DA:22,0
LF:10
LH:0
BRDA:1,0,0,1
BRF:1
BRH:1
end_of_record
TN:
SF:src\db\index.ts
FN:34,<instance_members_initializer>
FN:45,AppDB
FNF:2
FNH:2
FNDA:1,<instance_members_initializer>
FNDA:1,AppDB
DA:1,1
DA:34,1
DA:38,1
DA:45,1
DA:46,1
DA:47,1
DA:48,1
DA:49,1
DA:50,1
DA:51,1
DA:52,1
LF:11
LH:11
BRDA:34,0,0,1
BRDA:45,1,0,1
BRF:2
BRH:2
end_of_record
TN:
SF:src\hooks\useBgm.ts
FN:17,useBgm
FNF:1
FNH:1
FNDA:9,useBgm
DA:1,1
DA:2,1
DA:17,1
DA:18,9
DA:19,8
DA:20,9
DA:22,9
DA:23,3
DA:24,9
DA:25,9
DA:26,2
DA:27,9
DA:28,9
DA:29,1
DA:30,9
DA:31,9
DA:32,1
DA:33,9
DA:34,9
DA:36,9
DA:37,9
DA:38,9
DA:39,9
DA:40,9
DA:41,9
DA:42,9
DA:43,9
LF:27
LH:27
BRDA:17,0,0,9
BRDA:18,1,0,8
BRDA:22,2,0,3
BRDA:25,3,0,2
BRDA:28,4,0,1
BRDA:31,5,0,1
BRDA:34,6,0,1
BRF:7
BRH:7
end_of_record
TN:
SF:src\hooks\useContainRect.ts
FN:14,useContainRect
FNF:1
FNH:1
FNDA:11,useContainRect
DA:1,1
DA:14,1
DA:15,11
DA:16,11
DA:17,11
DA:18,11
DA:20,11
DA:21,7
DA:22,7
DA:23,7
DA:25,6
DA:26,6
DA:27,6
DA:28,6
DA:30,6
DA:31,6
DA:32,6
DA:33,6
DA:34,7
DA:35,3
DA:36,3
DA:37,3
DA:38,3
DA:39,3
DA:40,3
DA:41,3
DA:42,3
DA:43,3
DA:44,3
DA:45,6
DA:46,11
DA:48,11
DA:49,5
DA:50,5
DA:51,5
DA:52,11
DA:54,11
DA:55,11
LF:38
LH:38
BRDA:14,0,0,11
BRDA:20,1,0,7
BRDA:23,2,0,6
BRDA:23,3,0,1
BRDA:23,4,0,6
BRDA:34,5,0,3
BRDA:44,6,0,6
BRDA:48,7,0,5
BRDA:51,8,0,5
BRF:9
BRH:9
end_of_record
TN:
SF:src\hooks\useHowlerBgm.ts
FN:13,clamp01
FN:34,useHowlerBgm
FNF:2
FNH:2
FNDA:22,clamp01
FNDA:7,useHowlerBgm
DA:2,1
DA:3,1
DA:13,22
DA:14,22
DA:15,22
DA:34,1
DA:35,7
DA:36,7
DA:37,7
DA:38,7
DA:39,7
DA:40,7
DA:41,7
DA:42,7
DA:44,7
DA:45,7
DA:46,7
DA:48,7
DA:49,7
DA:50,7
DA:51,7
DA:52,7
DA:53,7
DA:54,7
DA:55,7
DA:56,7
DA:57,7
DA:58,7
DA:59,7
DA:60,7
DA:61,7
DA:62,7
DA:64,7
DA:65,3
DA:66,3
DA:67,3
DA:68,3
DA:69,7
DA:71,7
DA:73,7
DA:74,5
DA:75,5
DA:76,5
DA:77,5
DA:79,5
DA:80,4
DA:81,4
DA:82,4
DA:83,3
DA:84,3
DA:85,3
DA:86,3
DA:87,3
DA:88,4
DA:89,1
DA:90,1
DA:91,4
DA:92,4
DA:94,1
DA:95,1
DA:96,1
DA:97,1
DA:98,1
DA:99,1
DA:100,1
DA:101,1
DA:102,0
DA:103,0
DA:104,1
DA:105,7
DA:107,7
DA:108,1
DA:109,1
DA:110,1
DA:111,1
DA:112,0
DA:113,0
DA:114,0
DA:115,0
DA:116,1
DA:117,1
DA:118,1
DA:119,1
DA:120,1
DA:121,1
DA:122,1
DA:123,7
DA:125,7
DA:126,1
DA:127,1
DA:128,1
DA:129,1
DA:130,7
DA:132,7
DA:133,7
DA:134,7
DA:135,7
DA:136,7
DA:137,7
DA:138,7
DA:139,7
DA:140,7
LF:102
LH:96
BRDA:13,0,0,22
BRDA:34,1,0,7
BRDA:44,2,0,7
BRDA:45,3,0,1
BRDA:48,4,0,7
BRDA:57,5,0,7
BRDA:64,6,0,3
BRDA:71,7,0,1
BRDA:73,8,0,5
BRDA:75,9,0,0
BRDA:76,10,0,4
BRDA:79,11,0,4
BRDA:82,12,0,3
BRDA:88,13,0,1
BRDA:92,14,0,1
BRDA:101,15,0,0
BRDA:85,16,0,3
BRDA:98,17,0,1
BRDA:107,18,0,1
BRDA:109,19,0,0
BRDA:111,20,0,0
BRDA:118,21,0,1
BRDA:125,22,0,1
BRDA:127,23,0,0
BRF:24
BRH:19
end_of_record
TN:
SF:src\hooks\useHowlerOneShot.ts
FN:15,useHowlerOneShot
FN:27,play
FNF:2
FNH:2
FNDA:5,useHowlerOneShot
FNDA:1,play
DA:2,1
DA:3,1
DA:15,1
DA:16,5
DA:18,5
DA:19,5
DA:20,5
DA:21,5
DA:22,5
DA:23,5
DA:24,5
DA:25,5
DA:27,5
DA:28,5
LF:14
LH:14
BRDA:15,0,0,5
BRDA:18,1,0,5
BRDA:21,2,0,5
BRDA:27,3,0,1
BRF:4
BRH:4
end_of_record
TN:
SF:src\hooks\useSequence.ts
FN:34,useSequence
FNF:1
FNH:1
FNDA:9,useSequence
DA:1,1
DA:2,1
DA:3,1
DA:4,1
DA:34,1
DA:38,9
DA:39,9
DA:40,9
DA:41,9
DA:42,9
DA:43,9
DA:45,9
DA:46,9
DA:47,9
DA:48,9
DA:49,9
DA:50,9
DA:51,9
DA:58,9
DA:59,5
DA:60,5
DA:61,5
DA:62,5
DA:63,5
DA:65,5
DA:67,5
DA:68,5
DA:69,5
DA:70,5
DA:71,5
DA:72,5
DA:73,5
DA:74,9
DA:85,9
DA:86,9
DA:87,3
DA:88,3
DA:90,2
DA:91,2
DA:93,2
DA:94,2
DA:95,2
DA:96,2
DA:97,2
DA:99,2
DA:101,2
DA:102,2
DA:103,2
DA:104,2
DA:105,2
DA:106,2
DA:108,2
DA:109,2
DA:110,2
DA:111,2
DA:112,2
DA:114,2
DA:115,2
DA:116,2
DA:117,2
DA:118,2
DA:120,2
DA:121,2
DA:122,2
DA:123,2
DA:124,2
DA:126,2
DA:127,2
DA:128,2
DA:129,2
DA:130,2
DA:132,2
DA:134,2
DA:135,3
DA:136,9
DA:137,9
DA:139,9
DA:140,9
DA:141,9
DA:142,9
DA:143,9
DA:144,9
DA:145,9
DA:146,9
DA:147,9
DA:148,9
LF:86
LH:86
BRDA:34,0,0,9
BRDA:58,1,0,5
BRDA:86,2,0,3
BRDA:88,3,0,1
BRDA:88,4,0,2
BRDA:106,5,0,2
BRDA:112,6,0,2
BRDA:118,7,0,2
BRDA:124,8,0,2
BRDA:130,9,0,2
BRF:10
BRH:10
end_of_record
TN:
SF:src\hooks\useSpeech.ts
FN:16,useSpeech
FN:31,load
FN:46,handler
FN:123,u.onend
FN:126,u.onerror
FNF:5
FNH:4
FNDA:14,useSpeech
FNDA:9,load
FNDA:1,handler
FNDA:1,u.onend
FNDA:0,u.onerror
DA:1,1
DA:16,1
DA:17,14
DA:18,14
DA:19,14
DA:21,14
DA:23,14
DA:24,14
DA:25,14
DA:26,14
DA:28,14
DA:30,14
DA:31,8
DA:32,9
DA:33,9
DA:34,6
DA:35,6
DA:36,6
DA:38,6
DA:39,1
DA:40,1
DA:41,1
DA:42,6
DA:43,9
DA:44,8
DA:46,8
DA:47,8
DA:48,8
DA:49,8
DA:50,8
DA:51,14
DA:53,14
DA:54,10
DA:55,10
DA:56,10
DA:57,10
DA:59,0
DA:60,14
DA:62,14
DA:63,2
DA:64,1
DA:65,1
DA:67,1
DA:68,1
DA:69,14
DA:71,14
DA:72,1
DA:73,1
DA:74,1
DA:75,1
DA:76,1
DA:77,1
DA:78,1
DA:79,1
DA:80,1
DA:81,1
DA:83,0
DA:84,14
DA:86,14
DA:87,14
DA:88,9
DA:90,9
DA:91,9
DA:92,9
DA:93,9
DA:94,9
DA:95,9
DA:96,9
DA:97,9
DA:99,9
DA:100,9
DA:101,9
DA:102,9
DA:103,2
DA:104,9
DA:105,1
DA:106,1
DA:107,8
DA:108,8
DA:110,8
DA:112,8
DA:113,8
DA:114,8
DA:115,8
DA:117,8
DA:118,8
DA:119,3
DA:120,3
DA:121,9
DA:123,8
DA:124,1
DA:125,1
DA:126,8
DA:127,0
DA:128,0
DA:130,8
DA:131,8
DA:132,8
DA:133,8
DA:135,8
DA:136,1
DA:137,1
DA:138,1
DA:140,0
DA:141,1
DA:143,8
DA:144,8
DA:146,0
DA:147,8
DA:148,9
DA:149,9
DA:150,9
DA:151,14
DA:152,14
DA:154,14
DA:155,14
LF:116
LH:110
BRDA:16,0,0,14
BRDA:30,1,0,8
BRDA:31,2,0,9
BRDA:33,3,0,6
BRDA:38,4,0,1
BRDA:39,5,0,1
BRDA:46,6,0,1
BRDA:48,7,0,8
BRDA:53,8,0,10
BRDA:57,9,0,0
BRDA:62,10,0,2
BRDA:63,11,0,1
BRDA:64,12,0,1
BRDA:71,13,0,1
BRDA:81,14,0,0
BRDA:87,15,0,9
BRDA:88,16,0,0
BRDA:102,17,0,2
BRDA:104,18,0,1
BRDA:106,19,0,8
BRDA:118,20,0,3
BRDA:119,21,0,3
BRDA:121,22,0,7
BRDA:121,23,0,8
BRDA:148,24,0,7
BRDA:148,25,0,1
BRDA:118,26,0,14
BRDA:119,27,0,8
BRDA:120,28,0,3
BRDA:123,29,0,1
BRDA:131,30,0,8
BRDA:135,31,0,1
BRDA:138,32,0,0
BRDA:144,33,0,0
BRF:34
BRH:29
end_of_record
TN:
SF:src\hooks\typingEngine\reducer.ts
FN:11,clamp
FN:24,initialState
FN:69,reducer
FNF:3
FNH:3
FNDA:5,clamp
FNDA:46,initialState
FNDA:58,reducer
DA:11,1
DA:12,5
DA:24,1
DA:25,46
DA:26,46
DA:27,46
DA:29,46
DA:30,46
DA:31,46
DA:32,46
DA:33,46
DA:34,46
DA:35,46
DA:37,46
DA:38,46
DA:39,46
DA:40,46
DA:42,46
DA:43,46
DA:44,46
DA:45,46
DA:46,46
DA:48,46
DA:49,46
DA:50,46
DA:51,46
DA:53,46
DA:54,46
DA:55,46
DA:56,46
DA:57,46
DA:58,46
DA:69,1
DA:70,58
DA:82,58
DA:83,16
DA:84,16
DA:85,16
DA:86,16
DA:87,16
DA:88,16
DA:89,16
DA:90,16
DA:91,16
DA:92,16
DA:93,16
DA:94,16
DA:95,16
DA:96,16
DA:97,16
DA:98,16
DA:107,58
DA:108,2
DA:109,1
DA:110,1
DA:118,58
DA:119,1
DA:120,1
DA:132,58
DA:133,12
DA:134,12
DA:135,12
DA:136,12
DA:137,12
DA:138,12
DA:139,12
DA:140,12
DA:141,12
DA:142,12
DA:143,12
DA:144,12
DA:145,12
DA:146,12
DA:147,12
DA:148,12
DA:158,58
DA:159,6
DA:160,6
DA:161,6
DA:162,6
DA:163,6
DA:164,6
DA:165,6
DA:166,6
DA:167,6
DA:168,6
DA:174,58
DA:175,2
DA:176,1
DA:177,1
DA:178,1
DA:179,1
DA:180,1
DA:181,1
DA:191,58
DA:192,4
DA:196,4
DA:197,4
DA:198,4
DA:199,4
DA:200,4
DA:201,4
DA:202,4
DA:203,4
DA:204,4
DA:205,4
DA:216,58
DA:217,5
DA:218,5
DA:219,5
DA:220,5
DA:221,5
DA:222,5
DA:223,5
DA:224,5
DA:229,58
DA:230,1
DA:231,1
DA:241,58
DA:242,1
DA:244,1
DA:245,1
DA:246,0
DA:248,1
DA:250,1
DA:251,1
DA:252,1
DA:254,1
DA:255,1
DA:256,1
DA:262,58
DA:263,2
DA:264,2
DA:265,2
DA:266,2
DA:267,2
DA:268,2
DA:269,2
DA:270,2
DA:271,2
DA:272,2
DA:273,2
DA:282,58
DA:283,2
DA:284,2
DA:285,2
DA:286,2
DA:287,2
DA:288,2
DA:289,2
DA:290,2
DA:291,2
DA:300,58
DA:301,3
DA:302,3
DA:303,3
DA:304,3
DA:305,3
DA:306,3
DA:307,3
DA:308,3
DA:309,3
DA:311,58
DA:312,1
DA:313,58
DA:314,58
LF:166
LH:165
BRDA:11,0,0,5
BRDA:24,1,0,46
BRDA:25,2,0,13
BRDA:26,3,0,13
BRDA:69,4,0,58
BRDA:82,5,0,16
BRDA:94,6,0,12
BRDA:94,7,0,4
BRDA:107,8,0,2
BRDA:108,9,0,1
BRDA:118,10,0,1
BRDA:132,11,0,12
BRDA:158,12,0,6
BRDA:164,13,0,3
BRDA:164,14,0,3
BRDA:165,15,0,3
BRDA:165,16,0,3
BRDA:174,17,0,2
BRDA:175,18,0,1
BRDA:191,19,0,4
BRDA:196,20,0,0
BRDA:216,21,0,5
BRDA:221,22,0,3
BRDA:222,23,0,4
BRDA:222,24,0,1
BRDA:229,25,0,1
BRDA:241,26,0,1
BRDA:245,27,0,0
BRDA:248,28,0,0
BRDA:254,29,0,0
BRDA:262,30,0,2
BRDA:263,31,0,1
BRDA:263,32,0,1
BRDA:264,33,0,1
BRDA:264,34,0,1
BRDA:265,35,0,1
BRDA:266,36,0,1
BRDA:266,37,0,1
BRDA:282,38,0,2
BRDA:284,39,0,1
BRDA:288,40,0,1
BRDA:288,41,0,1
BRDA:289,42,0,1
BRDA:289,43,0,0
BRDA:289,44,0,1
BRDA:300,45,0,3
BRDA:306,46,0,1
BRDA:306,47,0,2
BRDA:307,48,0,1
BRDA:307,49,0,2
BRDA:311,50,0,1
BRF:51
BRH:46
end_of_record
TN:
SF:src\hooks\typingEngine\rng.ts
FN:8,mulberry32
FN:27,shuffle
FNF:2
FNH:2
FNDA:11,mulberry32
FNDA:6,shuffle
DA:8,1
DA:9,11
DA:10,1061
DA:11,1061
DA:12,1061
DA:13,1061
DA:14,1061
DA:15,1061
DA:16,11
DA:27,1
DA:28,6
DA:29,6
DA:30,6
LF:13
LH:13
BRDA:8,0,0,11
BRDA:9,1,0,1061
BRDA:27,2,0,6
BRDA:29,3,0,41
BRF:4
BRH:4
end_of_record
TN:
SF:src\hooks\typingEngine\useBattle.ts
FN:24,useBattle
FNF:1
FNH:1
FNDA:19,useBattle
DA:1,1
DA:2,1
DA:24,1
DA:25,19
DA:26,19
DA:27,19
DA:28,19
DA:29,19
DA:30,19
DA:31,19
DA:32,19
DA:33,19
DA:34,19
DA:35,19
DA:36,19
DA:37,19
DA:39,19
DA:40,19
DA:41,2
DA:42,2
DA:43,1
DA:44,1
DA:46,1
DA:47,1
DA:48,2
DA:50,2
DA:51,1
DA:52,1
DA:53,1
DA:54,2
DA:55,19
DA:56,19
DA:58,19
DA:59,19
DA:60,2
DA:62,1
DA:63,1
DA:65,1
DA:66,1
DA:67,2
DA:68,2
DA:69,2
DA:70,2
DA:72,2
DA:73,1
DA:74,1
DA:75,1
DA:76,1
DA:77,1
DA:78,1
DA:79,1
DA:80,1
DA:81,2
DA:82,19
DA:83,19
DA:85,19
DA:86,19
LF:57
LH:57
BRDA:24,0,0,19
BRDA:32,1,0,13
BRDA:33,2,0,15
BRDA:36,3,0,15
BRDA:36,4,0,15
BRDA:40,5,0,2
BRDA:42,6,0,1
BRDA:43,7,0,0
BRDA:43,8,0,1
BRDA:50,9,0,1
BRDA:41,10,0,2
BRDA:59,11,0,2
BRDA:60,12,0,1
BRDA:72,13,0,1
BRDA:63,14,0,1
BRDA:75,15,0,1
BRF:16
BRH:15
end_of_record
TN:
SF:src\hooks\typingEngine\useInput.ts
FN:30,useInput
FNF:1
FNH:1
FNDA:16,useInput
DA:1,1
DA:2,1
DA:30,1
DA:41,16
DA:42,16
DA:43,16
DA:44,16
DA:45,16
DA:46,16
DA:47,16
DA:48,16
DA:49,16
DA:50,16
DA:51,16
DA:52,16
DA:53,16
DA:54,16
DA:56,16
DA:57,16
DA:58,7
DA:59,7
DA:61,7
DA:62,0
DA:63,0
DA:64,0
DA:65,0
DA:67,7
DA:68,2
DA:69,2
DA:70,2
DA:72,1
DA:73,1
DA:74,1
DA:75,0
DA:76,0
DA:77,1
DA:78,1
DA:79,1
DA:80,1
DA:81,1
DA:82,1
DA:83,1
DA:84,1
DA:85,1
DA:86,1
DA:87,1
DA:88,1
DA:89,2
DA:90,2
DA:91,2
DA:93,5
DA:94,0
DA:95,0
DA:96,0
DA:98,4
DA:100,4
DA:102,4
DA:103,4
DA:104,4
DA:106,5
DA:107,3
DA:108,3
DA:109,4
DA:110,4
DA:111,4
DA:112,7
DA:114,7
DA:116,7
DA:117,0
DA:118,0
DA:119,0
DA:121,1
DA:123,1
DA:124,1
DA:125,7
DA:126,16
DA:127,16
DA:128,16
DA:129,16
DA:130,16
DA:131,16
DA:132,16
DA:133,16
DA:134,16
DA:135,16
DA:136,16
DA:137,16
DA:138,16
DA:139,16
DA:141,16
DA:142,16
LF:91
LH:79
BRDA:30,0,0,16
BRDA:57,1,0,7
BRDA:58,2,0,6
BRDA:59,3,0,1
BRDA:59,4,0,6
BRDA:61,5,0,0
BRDA:65,6,0,6
BRDA:67,7,0,2
BRDA:70,8,0,1
BRDA:74,9,0,0
BRDA:81,10,0,0
BRDA:87,11,0,0
BRDA:91,12,0,5
BRDA:91,13,0,4
BRDA:93,14,0,0
BRDA:96,15,0,4
BRDA:98,16,0,0
BRDA:98,17,0,4
BRDA:100,18,0,0
BRDA:100,19,0,4
BRDA:106,20,0,3
BRDA:108,21,0,4
BRDA:112,22,0,2
BRDA:112,23,0,1
BRDA:114,24,0,5
BRDA:114,25,0,3
BRDA:114,26,0,1
BRDA:116,27,0,0
BRDA:116,28,0,5
BRDA:116,29,0,0
BRDA:119,30,0,1
BRF:31
BRH:22
end_of_record
TN:
SF:src\hooks\typingEngine\useLearning.ts
FN:21,useLearning
FNF:1
FNH:1
FNDA:9,useLearning
DA:1,1
DA:2,1
DA:21,1
DA:25,9
DA:26,9
DA:27,9
DA:29,9
DA:30,9
DA:31,6
DA:32,6
DA:34,6
DA:36,6
DA:37,6
DA:38,6
DA:39,6
DA:40,6
DA:41,6
DA:42,6
DA:43,6
DA:44,9
DA:45,9
DA:47,9
DA:48,9
DA:49,7
DA:50,7
DA:51,7
DA:52,7
DA:53,7
DA:54,7
DA:55,7
DA:56,9
DA:58,9
DA:59,9
LF:33
LH:33
BRDA:21,0,0,9
BRDA:30,1,0,6
BRDA:34,2,0,4
BRDA:34,3,0,2
BRDA:34,4,0,2
BRDA:47,5,0,9
BRDA:48,6,0,8
BRDA:48,7,0,2
BRDA:48,8,0,7
BRF:9
BRH:9
end_of_record
TN:
SF:src\hooks\typingEngine\useSequence.ts
FN:19,useSequence
FNF:1
FNH:1
FNDA:14,useSequence
DA:1,1
DA:2,1
DA:19,1
DA:20,14
DA:22,14
DA:23,7
DA:24,7
DA:25,7
DA:26,7
DA:27,14
DA:29,14
DA:30,14
DA:31,6
DA:32,6
DA:33,6
DA:34,14
DA:35,14
DA:37,14
DA:38,14
LF:19
LH:19
BRDA:19,0,0,14
BRDA:22,1,0,7
BRDA:23,2,0,1
BRDA:25,3,0,1
BRDA:26,4,0,6
BRDA:26,5,0,1
BRDA:24,6,0,20
BRDA:30,7,0,6
BRDA:31,8,0,1
BRDA:32,9,0,1
BRF:10
BRH:10
end_of_record
TN:
SF:src\hooks\typingEngine\useSound.ts
FN:33,useSound
FN:126,ensure
FN:143,play
FN:210,slash
FN:211,punch
FN:212,defeat
FN:213,escape
FN:214,fallDown
FN:215,levelUp
FN:216,keyOn
FNF:10
FNH:1
FNDA:2,useSound
FNDA:0,ensure
FNDA:0,play
FNDA:0,slash
FNDA:0,punch
FNDA:0,defeat
FNDA:0,escape
FNDA:0,fallDown
FNDA:0,levelUp
FNDA:0,keyOn
DA:1,1
DA:2,1
DA:3,1
DA:33,1
DA:34,2
DA:35,2
DA:36,2
DA:37,2
DA:38,2
DA:45,2
DA:46,3
DA:47,3
DA:48,3
DA:49,1
DA:50,1
DA:51,1
DA:52,1
DA:54,0
DA:55,1
DA:56,1
DA:57,3
DA:58,3
DA:59,3
DA:60,3
DA:61,3
DA:62,3
DA:63,3
DA:64,3
DA:65,2
DA:71,2
DA:72,2
DA:73,2
DA:74,2
DA:75,2
DA:76,2
DA:78,0
DA:79,2
DA:80,2
DA:82,2
DA:83,2
DA:88,2
DA:96,2
DA:97,2
DA:98,2
DA:99,2
DA:100,2
DA:101,2
DA:102,2
DA:103,2
DA:104,2
DA:110,2
DA:111,2
DA:112,2
DA:113,2
DA:114,2
DA:115,2
DA:116,2
DA:117,2
DA:118,2
DA:126,2
DA:127,0
DA:128,0
DA:129,0
DA:130,0
DA:131,0
DA:132,0
DA:133,0
DA:134,0
DA:143,2
DA:144,0
DA:145,0
DA:146,0
DA:147,0
DA:148,0
DA:150,0
DA:151,0
DA:156,2
DA:157,1
DA:158,1
DA:159,1
DA:160,1
DA:161,1
DA:163,0
DA:164,1
DA:165,1
DA:166,1
DA:168,0
DA:169,1
DA:170,1
DA:171,1
DA:173,0
DA:174,1
DA:175,1
DA:176,1
DA:178,0
DA:179,1
DA:180,1
DA:181,1
DA:183,0
DA:184,1
DA:185,1
DA:186,1
DA:188,0
DA:189,1
DA:190,1
DA:191,1
DA:193,0
DA:194,1
DA:195,1
DA:196,1
DA:197,1
DA:198,1
DA:199,1
DA:200,1
DA:201,1
DA:202,1
DA:203,1
DA:204,2
DA:206,2
DA:207,2
DA:208,2
DA:209,2
DA:210,2
DA:211,2
DA:212,2
DA:213,2
DA:214,2
DA:215,2
DA:216,2
DA:217,2
DA:218,2
DA:219,2
LF:132
LH:108
BRDA:33,0,0,2
BRDA:36,1,0,0
BRDA:37,2,0,0
BRDA:83,3,0,0
BRDA:45,4,0,3
BRDA:46,5,0,0
BRDA:47,6,0,1
BRDA:47,7,0,0
BRDA:48,8,0,1
BRDA:52,9,0,0
BRDA:71,10,0,2
BRDA:72,11,0,0
BRDA:76,12,0,0
BRDA:156,13,0,1
BRDA:157,14,0,1
BRDA:160,15,0,0
BRDA:161,16,0,0
BRDA:165,17,0,0
BRDA:166,18,0,0
BRDA:170,19,0,0
BRDA:171,20,0,0
BRDA:175,21,0,0
BRDA:176,22,0,0
BRDA:180,23,0,0
BRDA:181,24,0,0
BRDA:185,25,0,0
BRDA:186,26,0,0
BRDA:190,27,0,0
BRDA:191,28,0,0
BRF:29
BRH:7
end_of_record
TN:
SF:src\hooks\typingEngine\useSpeechOnce.ts
FN:16,useSpeechOnce
FNF:1
FNH:1
FNDA:13,useSpeechOnce
DA:1,1
DA:2,1
DA:3,1
DA:16,1
DA:20,13
DA:21,13
DA:22,13
DA:23,13
DA:24,13
DA:26,13
DA:27,13
DA:28,11
DA:29,10
DA:30,9
DA:32,8
DA:33,13
DA:34,7
DA:35,7
DA:36,7
DA:37,7
DA:38,1
DA:40,1
DA:41,1
DA:43,0
DA:44,1
DA:45,7
DA:46,13
DA:47,13
LF:28
LH:27
BRDA:16,0,0,13
BRDA:26,1,0,13
BRDA:27,2,0,12
BRDA:27,3,0,2
BRDA:27,4,0,11
BRDA:28,5,0,1
BRDA:28,6,0,10
BRDA:29,7,0,1
BRDA:29,8,0,9
BRDA:30,9,0,1
BRDA:30,10,0,8
BRDA:33,11,0,7
BRDA:37,12,0,1
BRDA:41,13,0,0
BRF:14
BRH:13
end_of_record
TN:
SF:src\hooks\typingEngine\useTimer.ts
FN:13,useTimer
FNF:1
FNH:1
FNDA:8,useTimer
DA:1,1
DA:13,1
DA:14,8
DA:16,8
DA:17,5
DA:18,3
DA:19,3
DA:20,3
DA:21,8
DA:23,8
DA:24,8
LF:11
LH:11
BRDA:13,0,0,8
BRDA:16,1,0,5
BRDA:17,2,0,4
BRDA:17,3,0,2
BRDA:17,4,0,3
BRDA:19,5,0,5
BRDA:20,6,0,3
BRF:7
BRH:7
end_of_record
TN:
SF:src\hooks\typingEngine\useTypingEngine.ts
FN:35,useTypingEngine
FNF:1
FNH:1
FNDA:46,useTypingEngine
DA:1,1
DA:2,1
DA:3,1
DA:4,1
DA:5,1
DA:6,1
DA:7,1
DA:8,1
DA:9,1
DA:10,1
DA:11,1
DA:12,1
DA:35,1
DA:36,46
DA:37,46
DA:38,46
DA:39,46
DA:40,46
DA:41,46
DA:42,46
DA:43,46
DA:44,46
DA:46,46
DA:48,46
DA:49,46
DA:50,46
DA:51,46
DA:53,46
DA:55,46
DA:62,46
DA:63,8
DA:64,8
DA:66,8
DA:68,8
DA:70,8
DA:71,8
DA:72,8
DA:73,8
DA:74,8
DA:75,8
DA:76,8
DA:77,8
DA:78,8
DA:79,8
DA:80,46
DA:81,46
DA:82,46
DA:83,46
DA:84,46
DA:85,46
DA:86,46
DA:87,46
DA:88,46
DA:90,46
DA:101,46
DA:102,46
DA:103,2
DA:104,1
DA:105,1
DA:106,1
DA:108,2
DA:109,0
DA:110,0
DA:112,2
DA:114,2
DA:115,2
DA:116,2
DA:118,2
DA:119,2
DA:120,2
DA:121,46
DA:122,46
DA:129,46
DA:130,15
DA:131,15
DA:133,15
DA:134,0
DA:135,0
DA:136,0
DA:137,0
DA:139,15
DA:140,15
DA:141,15
DA:142,15
DA:143,15
DA:144,46
DA:146,46
DA:148,46
DA:149,46
DA:150,46
DA:151,46
DA:152,46
DA:153,46
DA:154,46
DA:156,46
DA:157,46
DA:158,46
DA:159,46
DA:160,46
DA:161,46
DA:162,46
DA:163,46
DA:164,46
DA:165,46
DA:166,46
DA:167,46
DA:169,46
DA:170,46
DA:171,37
DA:172,8
DA:174,8
DA:175,8
DA:176,8
DA:177,8
DA:178,8
DA:179,46
DA:180,46
DA:181,46
DA:182,46
DA:183,46
DA:184,46
DA:185,46
DA:186,46
DA:192,46
DA:193,16
DA:194,8
DA:195,46
DA:197,46
DA:198,46
DA:199,46
DA:200,46
DA:201,46
DA:202,46
DA:203,46
DA:204,46
DA:205,46
DA:206,46
LF:137
LH:131
BRDA:35,0,0,46
BRDA:46,1,0,0
BRDA:62,2,0,8
BRDA:68,3,0,5
BRDA:74,4,0,3
BRDA:75,5,0,3
BRDA:102,6,0,2
BRDA:103,7,0,1
BRDA:108,8,0,0
BRDA:108,9,0,0
BRDA:115,10,0,0
BRDA:116,11,0,0
BRDA:129,12,0,15
BRDA:133,13,0,0
BRDA:169,14,0,46
BRDA:170,15,0,38
BRDA:170,16,0,9
BRDA:170,17,0,37
BRDA:171,18,0,29
BRDA:171,19,0,8
BRDA:172,20,0,0
BRDA:172,21,0,8
BRDA:192,22,0,16
BRDA:193,23,0,8
BRDA:193,24,0,8
BRF:25
BRH:18
end_of_record
TN:
SF:src\hooks\typingPage\useBgm.ts
FN:18,useBgm
FNF:1
FNH:1
FNDA:12,useBgm
DA:1,1
DA:2,1
DA:18,1
DA:23,12
DA:24,12
DA:25,12
DA:26,12
DA:28,12
DA:29,7
DA:30,12
DA:32,12
DA:33,10
DA:34,6
DA:36,5
DA:37,5
DA:38,5
DA:39,5
DA:40,5
DA:41,5
DA:42,5
DA:43,5
DA:44,5
DA:45,5
DA:46,5
DA:47,5
DA:48,6
DA:50,0
DA:51,10
DA:52,4
DA:53,2
DA:54,2
DA:55,2
DA:56,2
DA:58,0
DA:59,2
DA:60,2
DA:61,4
DA:62,12
DA:64,12
DA:65,12
LF:40
LH:38
BRDA:18,0,0,12
BRDA:28,1,0,7
BRDA:32,2,0,10
BRDA:33,3,0,6
BRDA:34,4,0,1
BRDA:34,5,0,1
BRDA:34,6,0,5
BRDA:48,7,0,0
BRDA:51,8,0,4
BRDA:52,9,0,2
BRDA:56,10,0,0
BRF:11
BRH:9
end_of_record
TN:
SF:src\hooks\typingPage\useRandomAssets.ts
FN:11,useRandomAssets
FNF:1
FNH:1
FNDA:7,useRandomAssets
DA:1,1
DA:11,1
DA:12,7
DA:13,7
DA:15,7
DA:16,3
DA:17,3
DA:18,3
DA:20,3
DA:21,3
DA:22,7
DA:24,7
DA:25,7
LF:13
LH:13
BRDA:11,0,0,7
BRDA:15,1,0,3
BRF:2
BRH:2
end_of_record
TN:
SF:src\lib\bgmManager.ts
FN:40,clamp01
FN:49,attachFadeOnce
FN:64,init
FN:97,setTargetVolume
FN:110,getTargetVolume
FN:122,ensurePlaying
FN:163,fadeOutStop
FN:185,stopNow
FNF:8
FNH:8
FNDA:18,clamp01
FNDA:3,attachFadeOnce
FNDA:14,init
FNDA:1,setTargetVolume
FNDA:2,getTargetVolume
FNDA:3,ensurePlaying
FNDA:4,fadeOutStop
FNDA:1,stopNow
DA:1,1
DA:27,1
DA:28,1
DA:29,1
DA:30,1
DA:31,1
DA:32,1
DA:33,1
DA:39,1
DA:40,1
DA:49,3
DA:50,3
DA:51,3
DA:52,3
DA:53,3
DA:64,1
DA:65,14
DA:67,14
DA:68,1
DA:69,1
DA:70,1
DA:71,1
DA:73,14
DA:74,1
DA:75,1
DA:76,1
DA:77,13
DA:78,13
DA:79,13
DA:80,13
DA:82,13
DA:83,13
DA:84,13
DA:85,13
DA:86,13
DA:87,13
DA:88,13
DA:89,13
DA:97,1
DA:98,1
DA:99,1
DA:100,1
DA:101,1
DA:102,1
DA:110,1
DA:111,2
DA:112,2
DA:122,1
DA:123,3
DA:124,3
DA:125,3
DA:126,3
DA:128,3
DA:129,2
DA:130,2
DA:131,2
DA:132,1
DA:133,1
DA:134,1
DA:135,1
DA:136,1
DA:137,1
DA:138,1
DA:139,1
DA:140,2
DA:141,2
DA:143,1
DA:144,1
DA:145,1
DA:146,1
DA:147,1
DA:148,1
DA:149,1
DA:150,1
DA:151,0
DA:152,0
DA:153,1
DA:154,3
DA:163,1
DA:164,4
DA:165,4
DA:166,2
DA:167,4
DA:168,1
DA:169,1
DA:170,1
DA:171,1
DA:172,1
DA:173,1
DA:174,1
DA:175,1
DA:176,1
DA:177,1
DA:178,1
DA:179,1
DA:185,1
DA:186,1
DA:187,1
DA:188,1
DA:189,1
DA:190,1
LF:101
LH:99
BRDA:40,0,0,18
BRDA:49,1,0,3
BRDA:50,2,0,0
BRDA:64,3,0,14
BRDA:65,4,0,1
BRDA:67,5,0,2
BRDA:67,6,0,1
BRDA:71,7,0,13
BRDA:73,8,0,1
BRDA:76,9,0,13
BRDA:97,10,0,1
BRDA:110,11,0,2
BRDA:122,12,0,3
BRDA:124,13,0,0
BRDA:125,14,0,1
BRDA:128,15,0,2
BRDA:131,16,0,1
BRDA:141,17,0,1
BRDA:150,18,0,0
BRDA:133,19,0,1
BRDA:146,20,0,1
BRDA:163,21,0,4
BRDA:165,22,0,3
BRDA:165,23,0,2
BRDA:167,24,0,1
BRDA:173,25,0,1
BRDA:185,26,0,1
BRDA:187,27,0,0
BRF:28
BRH:24
end_of_record
TN:
SF:src\lib\judge.ts
FN:10,lowerIfAlpha
FN:25,judgeChar
FNF:2
FNH:2
FNDA:26,lowerIfAlpha
FNDA:15,judgeChar
DA:10,1
DA:11,26
DA:25,1
DA:26,15
DA:27,15
DA:28,15
DA:29,15
DA:30,15
DA:31,15
DA:32,15
DA:33,13
DA:34,13
DA:35,13
LF:13
LH:13
BRDA:10,0,0,26
BRDA:11,1,0,14
BRDA:11,2,0,12
BRDA:25,3,0,15
BRDA:30,4,0,2
BRDA:31,5,0,14
BRDA:32,6,0,2
BRDA:32,7,0,13
BRF:8
BRH:8
end_of_record
TN:
SF:src\lib\nextFrame.ts
FN:7,nextFrame
FN:17,sleep
FNF:2
FNH:2
FNDA:4,nextFrame
FNDA:2,sleep
DA:7,1
DA:8,4
DA:17,1
DA:18,2
LF:4
LH:4
BRDA:7,0,0,4
BRDA:8,1,0,4
BRDA:8,2,0,4
BRDA:17,3,0,2
BRDA:18,4,0,2
BRF:5
BRH:5
end_of_record
TN:
SF:src\lib\preloadImage.ts
FN:11,preloadImage
FN:21,img.onload
FN:22,img.onerror
FNF:3
FNH:3
FNDA:4,preloadImage
FNDA:1,img.onload
FNDA:1,img.onerror
DA:11,4
DA:12,4
DA:13,4
DA:14,4
DA:15,4
DA:16,2
DA:17,2
DA:18,2
DA:19,2
DA:20,2
DA:21,2
DA:22,2
DA:23,2
DA:24,4
DA:25,4
LF:15
LH:15
BRDA:11,0,0,4
BRDA:12,1,0,4
BRDA:15,2,0,2
BRDA:18,3,0,1
BRDA:19,4,0,1
BRDA:21,5,0,1
BRDA:22,6,0,1
BRF:7
BRH:7
end_of_record
TN:
SF:src\pages\Map.tsx
FN:1,(empty-report)
FNF:1
FNH:1
FNDA:1,(empty-report)
DA:3,0
DA:4,0
DA:5,0
DA:17,0
DA:18,0
DA:19,0
DA:20,0
DA:21,0
DA:24,0
DA:25,0
DA:26,0
DA:27,0
DA:28,0
DA:29,0
DA:30,0
DA:31,0
DA:32,0
DA:33,0
DA:35,0
DA:36,0
DA:37,0
DA:39,0
LF:22
LH:0
BRDA:1,0,0,1
BRF:1
BRH:1
end_of_record
TN:
SF:src\pages\TypingPage.tsx
FN:1,(empty-report)
FNF:1
FNH:0
FNDA:0,(empty-report)
DA:1,0
DA:2,0
DA:4,0
DA:5,0
DA:6,0
DA:7,0
DA:8,0
DA:9,0
DA:10,0
DA:11,0
DA:12,0
DA:13,0
DA:20,0
DA:21,0
DA:22,0
DA:35,0
DA:36,0
DA:37,0
DA:38,0
DA:39,0
DA:40,0
DA:41,0
DA:42,0
DA:44,0
DA:45,0
DA:47,0
DA:48,0
DA:49,0
DA:50,0
DA:52,0
DA:53,0
DA:54,0
DA:55,0
DA:56,0
DA:57,0
DA:58,0
DA:59,0
DA:60,0
DA:61,0
DA:62,0
DA:63,0
DA:64,0
DA:65,0
DA:66,0
DA:67,0
DA:68,0
DA:69,0
DA:71,0
DA:73,0
DA:74,0
DA:75,0
DA:76,0
DA:77,0
DA:78,0
DA:80,0
DA:81,0
DA:83,0
DA:84,0
DA:85,0
DA:86,0
DA:87,0
DA:88,0
DA:89,0
DA:90,0
DA:91,0
DA:93,0
DA:94,0
DA:95,0
DA:96,0
DA:97,0
DA:98,0
DA:99,0
DA:100,0
DA:102,0
DA:104,0
DA:105,0
DA:106,0
DA:107,0
DA:108,0
DA:109,0
DA:110,0
DA:111,0
DA:112,0
DA:113,0
DA:114,0
DA:115,0
DA:116,0
DA:117,0
DA:118,0
DA:119,0
DA:120,0
DA:121,0
DA:122,0
DA:123,0
DA:124,0
DA:125,0
DA:126,0
DA:127,0
DA:128,0
DA:129,0
DA:130,0
DA:131,0
DA:132,0
DA:134,0
DA:135,0
DA:136,0
DA:137,0
DA:139,0
DA:140,0
DA:141,0
DA:142,0
DA:143,0
DA:144,0
DA:146,0
DA:147,0
DA:148,0
DA:149,0
DA:150,0
DA:152,0
DA:154,0
DA:155,0
DA:156,0
DA:157,0
DA:158,0
DA:159,0
DA:162,0
DA:163,0
DA:164,0
DA:165,0
DA:166,0
DA:167,0
DA:168,0
DA:169,0
DA:170,0
DA:171,0
DA:172,0
DA:174,0
DA:175,0
DA:176,0
DA:177,0
DA:178,0
DA:179,0
DA:180,0
DA:182,0
DA:183,0
DA:184,0
DA:185,0
DA:186,0
DA:187,0
DA:188,0
DA:189,0
DA:190,0
DA:191,0
DA:192,0
DA:193,0
DA:194,0
DA:195,0
DA:196,0
DA:197,0
DA:199,0
DA:201,0
DA:203,0
LF:162
LH:0
BRDA:1,0,0,0
BRF:1
BRH:0
end_of_record
TN:
SF:src\repositories\appStateRepository.ts
FN:19,loadApp
FN:31,saveApp
FN:59,overwriteApp
FNF:3
FNH:0
FNDA:0,loadApp
FNDA:0,saveApp
FNDA:0,overwriteApp
DA:1,1
DA:6,1
DA:11,1
DA:19,0
DA:20,0
DA:21,0
DA:31,0
DA:32,0
DA:33,0
DA:34,0
DA:35,0
DA:36,0
DA:37,0
DA:38,0
DA:39,0
DA:40,0
DA:41,0
DA:42,0
DA:43,0
DA:44,0
DA:45,0
DA:46,0
DA:47,0
DA:48,0
DA:49,0
DA:59,0
DA:60,0
DA:61,0
DA:62,0
DA:63,0
DA:64,0
DA:65,0
DA:66,0
DA:67,0
DA:68,0
LF:35
LH:3
BRF:0
BRH:0
end_of_record
TN:
SF:src\types\index.ts
FN:1,(empty-report)
FNF:1
FNH:1
FNDA:1,(empty-report)
LF:0
LH:0
BRDA:1,0,0,1
BRF:1
BRH:1
end_of_record
